\BOOKMARK [0][-]{schapter.1}{Abstract}{}% 1
\BOOKMARK [0][-]{schapter.2}{Dedication}{}% 2
\BOOKMARK [0][-]{schapter.3}{Acknowledgments}{}% 3
\BOOKMARK [0][-]{TOC.0}{Table of Contents}{}% 4
\BOOKMARK [0][-]{schapter.4}{List of Tables}{}% 5
\BOOKMARK [0][-]{schapter.5}{List of Figures}{}% 6
\BOOKMARK [0][-]{schapter.6}{List of Symbols}{}% 7
\BOOKMARK [0][-]{schapter.7}{List of Acronyms}{}% 8
\BOOKMARK [0][-]{chapter.1}{Introduction}{}% 9
\BOOKMARK [1][-]{section.1.1}{Motivation and Problem Statement}{chapter.1}% 10
\BOOKMARK [0][-]{chapter.2}{Introduction}{}% 11
\BOOKMARK [1][-]{section.2.1}{Motivation and Problem Statement}{chapter.2}% 12
\BOOKMARK [1][-]{section.2.2}{Methods Overview}{chapter.2}% 13
\BOOKMARK [1][-]{section.2.3}{Phases}{chapter.2}% 14
\BOOKMARK [1][-]{section.2.4}{Summary of Objectives}{chapter.2}% 15
\BOOKMARK [0][-]{chapter.3}{Literature Review}{}% 16
\BOOKMARK [1][-]{section.3.1}{Introduction to Literature Review}{chapter.3}% 17
\BOOKMARK [1][-]{section.3.2}{Fixed Wing Unmanned Aerial Vehicle}{chapter.3}% 18
\BOOKMARK [1][-]{section.3.3}{Navigation, Guidance and Control}{chapter.3}% 19
\BOOKMARK [1][-]{section.3.4}{Literature Review Summary}{chapter.3}% 20
\BOOKMARK [0][-]{schapter.8}{References}{}% 21
