\BOOKMARK [0][-]{schapter.1}{Abstract}{}% 1
\BOOKMARK [0][-]{schapter.2}{Dedication}{}% 2
\BOOKMARK [0][-]{schapter.3}{Acknowledgments}{}% 3
\BOOKMARK [0][-]{TOC.0}{Table of Contents}{}% 4
\BOOKMARK [0][-]{schapter.4}{List of Tables}{}% 5
\BOOKMARK [0][-]{schapter.5}{List of Figures}{}% 6
\BOOKMARK [0][-]{schapter.6}{List of Symbols}{}% 7
\BOOKMARK [0][-]{schapter.7}{List of Acronyms}{}% 8
\BOOKMARK [0][-]{chapter.1}{Introduction}{}% 9
\BOOKMARK [1][-]{section.1.1}{Motivation and Problem Statement}{chapter.1}% 10
\BOOKMARK [1][-]{section.1.2}{Methods Overview}{chapter.1}% 11
\BOOKMARK [1][-]{section.1.3}{Phases}{chapter.1}% 12
\BOOKMARK [1][-]{section.1.4}{Summary of Objectives}{chapter.1}% 13
\BOOKMARK [0][-]{chapter.2}{Literature Review}{}% 14
\BOOKMARK [1][-]{section.2.1}{Introduction to Literature Review}{chapter.2}% 15
\BOOKMARK [1][-]{section.2.2}{Fixed Wing Unmanned Aerial Vehicle}{chapter.2}% 16
\BOOKMARK [1][-]{section.2.3}{Navigation, Guidance and Control}{chapter.2}% 17
\BOOKMARK [1][-]{section.2.4}{Literature Review Summary}{chapter.2}% 18
\BOOKMARK [0][-]{schapter.8}{References}{}% 19
\BOOKMARK [0][-]{appendix.A}{Appendix: An Appendix}{}% 20
\BOOKMARK [1][-]{section.A.1}{A Section in the Appendix}{appendix.A}% 21
